C:\USERS\BILL\DESKTOP\XBOX 360 RGH\OWN OFFHOST\XBOX360LSBEST OFFHOST REMASTER\XBOX360LSBEST OFFHOST REMASTER\BO2\BO2\RELEASE\ADDRESSES.OBJ
C:\USERS\BILL\DESKTOP\XBOX 360 RGH\OWN OFFHOST\XBOX360LSBEST OFFHOST REMASTER\XBOX360LSBEST OFFHOST REMASTER\BO2\BO2\RELEASE\AIMBOT.OBJ
C:\USERS\BILL\DESKTOP\XBOX 360 RGH\OWN OFFHOST\XBOX360LSBEST OFFHOST REMASTER\XBOX360LSBEST OFFHOST REMASTER\BO2\BO2\RELEASE\AUTHPROVIDER.OBJ
C:\USERS\BILL\DESKTOP\XBOX 360 RGH\OWN OFFHOST\XBOX360LSBEST OFFHOST REMASTER\XBOX360LSBEST OFFHOST REMASTER\BO2\BO2\RELEASE\AUTOWALL.OBJ
C:\USERS\BILL\DESKTOP\XBOX 360 RGH\OWN OFFHOST\XBOX360LSBEST OFFHOST REMASTER\XBOX360LSBEST OFFHOST REMASTER\BO2\BO2\RELEASE\BO2.EXE
C:\USERS\BILL\DESKTOP\XBOX 360 RGH\OWN OFFHOST\XBOX360LSBEST OFFHOST REMASTER\XBOX360LSBEST OFFHOST REMASTER\BO2\BO2\RELEASE\BO2.PCH
C:\USERS\BILL\DESKTOP\XBOX 360 RGH\OWN OFFHOST\XBOX360LSBEST OFFHOST REMASTER\XBOX360LSBEST OFFHOST REMASTER\BO2\BO2\RELEASE\BO2.PDB
C:\Users\Bill\Desktop\xbox 360 RGH\own Offhost\XBOX360LSBEST Offhost Remaster\XBOX360LSBEST Offhost Remaster\BO2\BO2\Release\BO2.vcxprojResolveAssemblyReference.cache
C:\Users\Bill\Desktop\xbox 360 RGH\own Offhost\XBOX360LSBEST Offhost Remaster\XBOX360LSBEST Offhost Remaster\BO2\BO2\Release\BO2.write.1.tlog
C:\Users\Bill\Desktop\xbox 360 RGH\own Offhost\XBOX360LSBEST Offhost Remaster\XBOX360LSBEST Offhost Remaster\BO2\BO2\Release\BO2.xdb
C:\Users\Bill\Desktop\xbox 360 RGH\own Offhost\XBOX360LSBEST Offhost Remaster\XBOX360LSBEST Offhost Remaster\BO2\BO2\Release\BO2.xex
C:\Users\Bill\Desktop\xbox 360 RGH\own Offhost\XBOX360LSBEST Offhost Remaster\XBOX360LSBEST Offhost Remaster\BO2\BO2\Release\cl.command.1.tlog
C:\Users\Bill\Desktop\xbox 360 RGH\own Offhost\XBOX360LSBEST Offhost Remaster\XBOX360LSBEST Offhost Remaster\BO2\BO2\Release\CL.read.1.tlog
C:\Users\Bill\Desktop\xbox 360 RGH\own Offhost\XBOX360LSBEST Offhost Remaster\XBOX360LSBEST Offhost Remaster\BO2\BO2\Release\CL.write.1.tlog
C:\USERS\BILL\DESKTOP\XBOX 360 RGH\OWN OFFHOST\XBOX360LSBEST OFFHOST REMASTER\XBOX360LSBEST OFFHOST REMASTER\BO2\BO2\RELEASE\DEFINITIONS.OBJ
C:\USERS\BILL\DESKTOP\XBOX 360 RGH\OWN OFFHOST\XBOX360LSBEST OFFHOST REMASTER\XBOX360LSBEST OFFHOST REMASTER\BO2\BO2\RELEASE\DETOUR.OBJ
C:\USERS\BILL\DESKTOP\XBOX 360 RGH\OWN OFFHOST\XBOX360LSBEST OFFHOST REMASTER\XBOX360LSBEST OFFHOST REMASTER\BO2\BO2\RELEASE\ENGINE.OBJ
C:\USERS\BILL\DESKTOP\XBOX 360 RGH\OWN OFFHOST\XBOX360LSBEST OFFHOST REMASTER\XBOX360LSBEST OFFHOST REMASTER\BO2\BO2\RELEASE\GAME.OBJ
C:\USERS\BILL\DESKTOP\XBOX 360 RGH\OWN OFFHOST\XBOX360LSBEST OFFHOST REMASTER\XBOX360LSBEST OFFHOST REMASTER\BO2\BO2\RELEASE\GLOBALS.OBJ
C:\USERS\BILL\DESKTOP\XBOX 360 RGH\OWN OFFHOST\XBOX360LSBEST OFFHOST REMASTER\XBOX360LSBEST OFFHOST REMASTER\BO2\BO2\RELEASE\HOOKS.OBJ
C:\Users\Bill\Desktop\xbox 360 RGH\own Offhost\XBOX360LSBEST Offhost Remaster\XBOX360LSBEST Offhost Remaster\BO2\BO2\Release\link.command.1.tlog
C:\Users\Bill\Desktop\xbox 360 RGH\own Offhost\XBOX360LSBEST Offhost Remaster\XBOX360LSBEST Offhost Remaster\BO2\BO2\Release\link.read.1.tlog
C:\Users\Bill\Desktop\xbox 360 RGH\own Offhost\XBOX360LSBEST Offhost Remaster\XBOX360LSBEST Offhost Remaster\BO2\BO2\Release\link.write.1.tlog
C:\USERS\BILL\DESKTOP\XBOX 360 RGH\OWN OFFHOST\XBOX360LSBEST OFFHOST REMASTER\XBOX360LSBEST OFFHOST REMASTER\BO2\BO2\RELEASE\MEMORYMANAGER.OBJ
C:\USERS\BILL\DESKTOP\XBOX 360 RGH\OWN OFFHOST\XBOX360LSBEST OFFHOST REMASTER\XBOX360LSBEST OFFHOST REMASTER\BO2\BO2\RELEASE\MENU.OBJ
C:\USERS\BILL\DESKTOP\XBOX 360 RGH\OWN OFFHOST\XBOX360LSBEST OFFHOST REMASTER\XBOX360LSBEST OFFHOST REMASTER\BO2\BO2\RELEASE\RENDER.OBJ
C:\USERS\BILL\DESKTOP\XBOX 360 RGH\OWN OFFHOST\XBOX360LSBEST OFFHOST REMASTER\XBOX360LSBEST OFFHOST REMASTER\BO2\BO2\RELEASE\SPINBOT.OBJ
C:\USERS\BILL\DESKTOP\XBOX 360 RGH\OWN OFFHOST\XBOX360LSBEST OFFHOST REMASTER\XBOX360LSBEST OFFHOST REMASTER\BO2\BO2\RELEASE\STDAFX.OBJ
C:\USERS\BILL\DESKTOP\XBOX 360 RGH\OWN OFFHOST\XBOX360LSBEST OFFHOST REMASTER\XBOX360LSBEST OFFHOST REMASTER\BO2\BO2\RELEASE\STRUCTS.OBJ
C:\USERS\BILL\DESKTOP\XBOX 360 RGH\OWN OFFHOST\XBOX360LSBEST OFFHOST REMASTER\XBOX360LSBEST OFFHOST REMASTER\BO2\BO2\RELEASE\UTILITIES.OBJ
C:\USERS\BILL\DESKTOP\XBOX 360 RGH\OWN OFFHOST\XBOX360LSBEST OFFHOST REMASTER\XBOX360LSBEST OFFHOST REMASTER\BO2\BO2\RELEASE\VC100.PDB
C:\USERS\BILL\DESKTOP\XBOX 360 RGH\OWN OFFHOST\XBOX360LSBEST OFFHOST REMASTER\XBOX360LSBEST OFFHOST REMASTER\BO2\BO2\RELEASE\VECTOR.OBJ
C:\USERS\BILL\DESKTOP\XBOX 360 RGH\OWN OFFHOST\XBOX360LSBEST OFFHOST REMASTER\XBOX360LSBEST OFFHOST REMASTER\BO2\BO2\RELEASE\VISUALS.OBJ
